2022-05-05 17:30:28.064  INFO 15920 --- [restartedMain] c.m.r.RollingpaperApplication            : Starting RollingpaperApplication using Java 1.8.0_322 on DESKTOP-FRP0FP6 with PID 15920 (C:\Users\bgr\Downloads\websocket-chat-server-feature-redis-pub-sub\rollingpaper\target\classes started by bgr in C:\Users\bgr\Downloads\websocket-chat-server-feature-redis-pub-sub\rollingpaper)
2022-05-05 17:30:28.078  INFO 15920 --- [restartedMain] c.m.r.RollingpaperApplication            : The following 1 profile is active: "test"
2022-05-05 17:30:28.136  INFO 15920 --- [restartedMain] .e.DevToolsPropertyDefaultsPostProcessor : Devtools property defaults active! Set 'spring.devtools.add-properties' to 'false' to disable
2022-05-05 17:30:28.137  INFO 15920 --- [restartedMain] .e.DevToolsPropertyDefaultsPostProcessor : For additional web related logging consider setting the 'logging.level.web' property to 'DEBUG'
2022-05-05 17:30:28.827  INFO 15920 --- [restartedMain] .s.d.r.c.RepositoryConfigurationDelegate : Bootstrapping Spring Data JPA repositories in DEFAULT mode.
2022-05-05 17:30:28.890  INFO 15920 --- [restartedMain] .s.d.r.c.RepositoryConfigurationDelegate : Finished Spring Data repository scanning in 53 ms. Found 3 JPA repository interfaces.
2022-05-05 17:30:29.423  INFO 15920 --- [restartedMain] o.s.b.w.embedded.tomcat.TomcatWebServer  : Tomcat initialized with port(s): 8080 (http)
2022-05-05 17:30:29.432  INFO 15920 --- [restartedMain] o.apache.catalina.core.StandardService   : Starting service [Tomcat]
2022-05-05 17:30:29.432  INFO 15920 --- [restartedMain] org.apache.catalina.core.StandardEngine  : Starting Servlet engine: [Apache Tomcat/9.0.62]
2022-05-05 17:30:29.512  INFO 15920 --- [restartedMain] o.a.c.c.C.[Tomcat].[localhost].[/]       : Initializing Spring embedded WebApplicationContext
2022-05-05 17:30:29.513  INFO 15920 --- [restartedMain] w.s.c.ServletWebServerApplicationContext : Root WebApplicationContext: initialization completed in 1375 ms
2022-05-05 17:30:29.660  INFO 15920 --- [restartedMain] o.hibernate.jpa.internal.util.LogHelper  : HHH000204: Processing PersistenceUnitInfo [name: default]
2022-05-05 17:30:29.714  INFO 15920 --- [restartedMain] org.hibernate.Version                    : HHH000412: Hibernate ORM core version 5.4.33
2022-05-05 17:30:29.872  INFO 15920 --- [restartedMain] o.hibernate.annotations.common.Version   : HCANN000001: Hibernate Commons Annotations {5.1.2.Final}
2022-05-05 17:30:29.981  INFO 15920 --- [restartedMain] com.zaxxer.hikari.HikariDataSource       : HikariPool-1 - Starting...
2022-05-05 17:30:30.024  INFO 15920 --- [restartedMain] com.zaxxer.hikari.HikariDataSource       : HikariPool-1 - Start completed.
2022-05-05 17:30:30.048  INFO 15920 --- [restartedMain] org.hibernate.dialect.Dialect            : HHH000400: Using dialect: org.hibernate.dialect.MariaDB103Dialect
2022-05-05 17:30:30.770  INFO 15920 --- [restartedMain] o.h.e.t.j.p.i.JtaPlatformInitiator       : HHH000490: Using JtaPlatform implementation: [org.hibernate.engine.transaction.jta.platform.internal.NoJtaPlatform]
2022-05-05 17:30:30.779  INFO 15920 --- [restartedMain] j.LocalContainerEntityManagerFactoryBean : Initialized JPA EntityManagerFactory for persistence unit 'default'
2022-05-05 17:30:31.148  WARN 15920 --- [restartedMain] JpaBaseConfiguration$JpaWebConfiguration : spring.jpa.open-in-view is enabled by default. Therefore, database queries may be performed during view rendering. Explicitly configure spring.jpa.open-in-view to disable this warning
2022-05-05 17:30:31.385  INFO 15920 --- [restartedMain] o.s.b.d.a.OptionalLiveReloadServer       : LiveReload server is running on port 35729
2022-05-05 17:30:31.417  INFO 15920 --- [restartedMain] o.s.b.w.embedded.tomcat.TomcatWebServer  : Tomcat started on port(s): 8080 (http) with context path ''
2022-05-05 17:30:31.425  INFO 15920 --- [restartedMain] c.m.r.RollingpaperApplication            : Started RollingpaperApplication in 3.872 seconds (JVM running for 5.417)
2022-05-05 17:30:36.966  INFO 15920 --- [SpringApplicationShutdownHook] j.LocalContainerEntityManagerFactoryBean : Closing JPA EntityManagerFactory for persistence unit 'default'
2022-05-05 17:30:36.973  INFO 15920 --- [SpringApplicationShutdownHook] com.zaxxer.hikari.HikariDataSource       : HikariPool-1 - Shutdown initiated...
2022-05-05 17:30:36.993  INFO 15920 --- [SpringApplicationShutdownHook] com.zaxxer.hikari.HikariDataSource       : HikariPool-1 - Shutdown completed.
